[09Dec2025 20:41:27.689] [Test worker/INFO] [xyz.nineworlds.cratbat.CratBatConfig/]: Cleared server config, reverting to local config
[09Dec2025 20:41:27.706] [Test worker/INFO] [xyz.nineworlds.cratbat.CratBatConfig/]: Cleared server config, reverting to local config
[09Dec2025 20:41:27.720] [Test worker/INFO] [xyz.nineworlds.cratbat.CratBatConfig/]: Cleared server config, reverting to local config
[09Dec2025 20:41:27.723] [Test worker/INFO] [xyz.nineworlds.cratbat.CratBatConfig/]: Applied server config: targetPlayer=ServerPlayer, uuid=server-uuid-5678, hasTexture=false
[09Dec2025 20:41:27.723] [Test worker/INFO] [xyz.nineworlds.cratbat.CratBatConfig/]: Cleared server config, reverting to local config
[09Dec2025 20:41:27.728] [Test worker/INFO] [xyz.nineworlds.cratbat.CratBatConfig/]: Cleared server config, reverting to local config
[09Dec2025 20:41:27.728] [Test worker/INFO] [xyz.nineworlds.cratbat.CratBatConfig/]: Applied server config: targetPlayer=, uuid=server-uuid-5678, hasTexture=true
[09Dec2025 20:41:27.730] [Test worker/INFO] [xyz.nineworlds.cratbat.CratBatConfig/]: Cleared server config, reverting to local config
[09Dec2025 20:41:27.739] [Test worker/INFO] [xyz.nineworlds.cratbat.CratBatConfig/]: Cleared server config, reverting to local config
[09Dec2025 20:41:27.741] [Test worker/INFO] [xyz.nineworlds.cratbat.CratBatConfig/]: Applied server config: targetPlayer=ServerPlayer, uuid=server-uuid-5678, hasTexture=true
[09Dec2025 20:41:27.741] [Test worker/INFO] [xyz.nineworlds.cratbat.CratBatConfig/]: Cleared server config, reverting to local config
[09Dec2025 20:41:27.742] [Test worker/INFO] [xyz.nineworlds.cratbat.CratBatConfig/]: Cleared server config, reverting to local config
[09Dec2025 20:41:27.746] [Test worker/INFO] [xyz.nineworlds.cratbat.CratBatConfig/]: Cleared server config, reverting to local config
[09Dec2025 20:41:27.746] [Test worker/INFO] [xyz.nineworlds.cratbat.CratBatConfig/]: Applied server config: targetPlayer=ServerPlayer, uuid=server-uuid-5678, hasTexture=true
[09Dec2025 20:41:27.747] [Test worker/INFO] [xyz.nineworlds.cratbat.CratBatConfig/]: Cleared server config, reverting to local config
[09Dec2025 20:41:27.749] [Test worker/INFO] [xyz.nineworlds.cratbat.CratBatConfig/]: Cleared server config, reverting to local config
[09Dec2025 20:41:27.752] [Test worker/INFO] [xyz.nineworlds.cratbat.CratBatConfig/]: Cleared server config, reverting to local config
[09Dec2025 20:41:27.754] [Test worker/INFO] [xyz.nineworlds.cratbat.CratBatConfig/]: Cleared server config, reverting to local config
[09Dec2025 20:41:27.755] [Test worker/INFO] [xyz.nineworlds.cratbat.CratBatConfig/]: Cleared server config, reverting to local config
[09Dec2025 20:41:27.759] [Test worker/INFO] [xyz.nineworlds.cratbat.CratBatConfig/]: Cleared server config, reverting to local config
[09Dec2025 20:41:27.763] [Test worker/INFO] [xyz.nineworlds.cratbat.CratBatConfig/]: Applied server config: targetPlayer=First, uuid=first-uuid, hasTexture=true
[09Dec2025 20:41:27.766] [Test worker/INFO] [xyz.nineworlds.cratbat.CratBatConfig/]: Applied server config: targetPlayer=Second, uuid=second-uuid, hasTexture=true
[09Dec2025 20:41:27.767] [Test worker/INFO] [xyz.nineworlds.cratbat.CratBatConfig/]: Cleared server config, reverting to local config
[09Dec2025 20:41:27.773] [Test worker/INFO] [xyz.nineworlds.cratbat.CratBatConfig/]: Cleared server config, reverting to local config
[09Dec2025 20:41:27.773] [Test worker/INFO] [xyz.nineworlds.cratbat.CratBatConfig/]: Applied server config: targetPlayer=ServerPlayer, uuid=server-uuid-5678, hasTexture=true
[09Dec2025 20:41:27.774] [Test worker/INFO] [xyz.nineworlds.cratbat.CratBatConfig/]: Cleared server config, reverting to local config
[09Dec2025 20:41:27.776] [Test worker/INFO] [xyz.nineworlds.cratbat.CratBatConfig/]: Cleared server config, reverting to local config
[09Dec2025 20:41:27.777] [Test worker/INFO] [xyz.nineworlds.cratbat.CratBatConfig/]: Applied server config: targetPlayer=ServerPlayer, uuid=server-uuid-5678, hasTexture=true
[09Dec2025 20:41:27.777] [Test worker/INFO] [xyz.nineworlds.cratbat.CratBatConfig/]: Cleared server config, reverting to local config
[09Dec2025 20:41:27.779] [Test worker/INFO] [xyz.nineworlds.cratbat.CratBatConfig/]: Cleared server config, reverting to local config
[09Dec2025 20:41:27.780] [Test worker/INFO] [xyz.nineworlds.cratbat.CratBatConfig/]: Applied server config: targetPlayer=ServerPlayer, uuid=server-uuid-5678, hasTexture=true
[09Dec2025 20:41:27.781] [Test worker/INFO] [xyz.nineworlds.cratbat.CratBatConfig/]: Cleared server config, reverting to local config
[09Dec2025 20:41:27.789] [Test worker/INFO] [xyz.nineworlds.cratbat.CratBatConfig/]: Cleared server config, reverting to local config
[09Dec2025 20:41:27.790] [Test worker/INFO] [xyz.nineworlds.cratbat.CratBatConfig/]: Applied server config: targetPlayer=ServerPlayer, uuid=server-uuid-5678, hasTexture=true
[09Dec2025 20:41:27.790] [Test worker/INFO] [xyz.nineworlds.cratbat.CratBatConfig/]: Cleared server config, reverting to local config
[09Dec2025 20:41:27.793] [Test worker/INFO] [xyz.nineworlds.cratbat.CratBatConfig/]: Cleared server config, reverting to local config
[09Dec2025 20:41:27.794] [Test worker/INFO] [xyz.nineworlds.cratbat.CratBatConfig/]: Applied server config: targetPlayer=ServerPlayer, uuid=server-uuid-5678, hasTexture=true
[09Dec2025 20:41:27.794] [Test worker/INFO] [xyz.nineworlds.cratbat.CratBatConfig/]: Cleared server config, reverting to local config
[09Dec2025 20:41:27.799] [Test worker/INFO] [xyz.nineworlds.cratbat.CratBatConfig/]: Cleared server config, reverting to local config
[09Dec2025 20:41:27.804] [Test worker/INFO] [xyz.nineworlds.cratbat.CratBatConfig/]: Applied server config: targetPlayer=ServerPlayer, uuid=server-uuid-5678, hasTexture=true
[09Dec2025 20:41:27.805] [Test worker/INFO] [xyz.nineworlds.cratbat.CratBatConfig/]: Cleared server config, reverting to local config
[09Dec2025 20:41:27.807] [Test worker/INFO] [xyz.nineworlds.cratbat.CratBatConfig/]: Cleared server config, reverting to local config
[09Dec2025 20:41:27.807] [Test worker/INFO] [xyz.nineworlds.cratbat.CratBatConfig/]: Applied server config: targetPlayer=ServerPlayer, uuid=server-uuid-5678, hasTexture=true
[09Dec2025 20:41:27.808] [Test worker/INFO] [xyz.nineworlds.cratbat.CratBatConfig/]: Cleared server config, reverting to local config
[09Dec2025 20:41:27.810] [Test worker/INFO] [xyz.nineworlds.cratbat.CratBatConfig/]: Cleared server config, reverting to local config
[09Dec2025 20:41:27.811] [Test worker/INFO] [xyz.nineworlds.cratbat.CratBatConfig/]: Cleared server config, reverting to local config
[09Dec2025 20:41:27.814] [Test worker/INFO] [xyz.nineworlds.cratbat.CratBatConfig/]: Cleared server config, reverting to local config
[09Dec2025 20:41:27.815] [Test worker/INFO] [xyz.nineworlds.cratbat.CratBatConfig/]: Cleared server config, reverting to local config
[09Dec2025 20:41:27.818] [Test worker/INFO] [xyz.nineworlds.cratbat.CratBatConfig/]: Cleared server config, reverting to local config
[09Dec2025 20:41:27.819] [Test worker/INFO] [xyz.nineworlds.cratbat.CratBatConfig/]: Cleared server config, reverting to local config
[09Dec2025 20:41:27.820] [Test worker/INFO] [xyz.nineworlds.cratbat.CratBatConfig/]: Cleared server config, reverting to local config
[09Dec2025 20:41:27.821] [Test worker/INFO] [xyz.nineworlds.cratbat.CratBatConfig/]: Cleared server config, reverting to local config
[09Dec2025 20:41:27.826] [Test worker/INFO] [xyz.nineworlds.cratbat.CratBatConfig/]: Cleared server config, reverting to local config
[09Dec2025 20:41:27.848] [Test worker/INFO] [xyz.nineworlds.cratbat.CratBatConfig/]: Cleared server config, reverting to local config
[09Dec2025 20:41:27.851] [Test worker/INFO] [xyz.nineworlds.cratbat.CratBatConfig/]: Cleared server config, reverting to local config
[09Dec2025 20:41:27.853] [Test worker/INFO] [xyz.nineworlds.cratbat.CratBatConfig/]: Cleared server config, reverting to local config
[09Dec2025 20:41:27.856] [Test worker/INFO] [xyz.nineworlds.cratbat.CratBatConfig/]: Cleared server config, reverting to local config
[09Dec2025 20:41:27.856] [Test worker/INFO] [xyz.nineworlds.cratbat.CratBatConfig/]: Cleared server config, reverting to local config
[09Dec2025 20:41:27.858] [Test worker/INFO] [xyz.nineworlds.cratbat.CratBatConfig/]: Cleared server config, reverting to local config
[09Dec2025 20:41:27.858] [Test worker/INFO] [xyz.nineworlds.cratbat.CratBatConfig/]: Cleared server config, reverting to local config
[09Dec2025 20:41:27.862] [Test worker/INFO] [xyz.nineworlds.cratbat.CratBatConfig/]: Cleared server config, reverting to local config
[09Dec2025 20:41:27.863] [Test worker/INFO] [xyz.nineworlds.cratbat.CratBatConfig/]: Cleared server config, reverting to local config
[09Dec2025 20:41:27.863] [Test worker/INFO] [xyz.nineworlds.cratbat.CratBatConfig/]: Applied server config: targetPlayer=ServerCrat, uuid=22222222-2222-2222-2222-222222222222, hasTexture=true
[09Dec2025 20:41:27.864] [Test worker/INFO] [xyz.nineworlds.cratbat.CratBatConfig/]: Cleared server config, reverting to local config
[09Dec2025 20:41:27.865] [Test worker/INFO] [xyz.nineworlds.cratbat.CratBatConfig/]: Cleared server config, reverting to local config
[09Dec2025 20:41:27.866] [Test worker/INFO] [xyz.nineworlds.cratbat.CratBatConfig/]: Applied server config: targetPlayer=ServerPlayer, uuid=11111111-1111-1111-1111-111111111111, hasTexture=true
[09Dec2025 20:41:27.866] [Test worker/INFO] [xyz.nineworlds.cratbat.CratBatConfig/]: Cleared server config, reverting to local config
[09Dec2025 20:41:27.868] [Test worker/INFO] [xyz.nineworlds.cratbat.CratBatConfig/]: Cleared server config, reverting to local config
[09Dec2025 20:41:27.868] [Test worker/INFO] [xyz.nineworlds.cratbat.CratBatConfig/]: Cleared server config, reverting to local config
[09Dec2025 20:41:27.869] [Test worker/INFO] [xyz.nineworlds.cratbat.CratBatConfig/]: Cleared server config, reverting to local config
[09Dec2025 20:41:27.870] [Test worker/INFO] [xyz.nineworlds.cratbat.CratBatConfig/]: Cleared server config, reverting to local config
[09Dec2025 20:41:27.871] [Test worker/INFO] [xyz.nineworlds.cratbat.CratBatConfig/]: Cleared server config, reverting to local config
[09Dec2025 20:41:27.872] [Test worker/INFO] [xyz.nineworlds.cratbat.CratBatConfig/]: Cleared server config, reverting to local config
[09Dec2025 20:41:27.872] [Test worker/INFO] [xyz.nineworlds.cratbat.CratBatConfig/]: Cleared server config, reverting to local config
[09Dec2025 20:41:27.873] [Test worker/INFO] [xyz.nineworlds.cratbat.CratBatConfig/]: Cleared server config, reverting to local config
[09Dec2025 20:41:27.873] [Test worker/INFO] [xyz.nineworlds.cratbat.CratBatConfig/]: Cleared server config, reverting to local config
[09Dec2025 20:41:27.874] [Test worker/INFO] [xyz.nineworlds.cratbat.CratBatConfig/]: Cleared server config, reverting to local config
[09Dec2025 20:41:27.874] [Test worker/INFO] [xyz.nineworlds.cratbat.CratBatConfig/]: Cleared server config, reverting to local config
[09Dec2025 20:41:27.876] [Test worker/INFO] [xyz.nineworlds.cratbat.CratBatConfig/]: Cleared server config, reverting to local config
[09Dec2025 20:41:27.877] [Test worker/INFO] [xyz.nineworlds.cratbat.CratBatConfig/]: Cleared server config, reverting to local config
[09Dec2025 20:41:27.879] [Test worker/INFO] [xyz.nineworlds.cratbat.CratBatConfig/]: Cleared server config, reverting to local config
[09Dec2025 20:41:27.880] [Test worker/INFO] [xyz.nineworlds.cratbat.CratBatConfig/]: Cleared server config, reverting to local config
[09Dec2025 20:41:27.881] [Test worker/INFO] [xyz.nineworlds.cratbat.CratBatConfig/]: Cleared server config, reverting to local config
[09Dec2025 20:41:27.881] [Test worker/INFO] [xyz.nineworlds.cratbat.CratBatConfig/]: Cleared server config, reverting to local config
[09Dec2025 20:41:27.884] [Test worker/INFO] [xyz.nineworlds.cratbat.CratBatConfig/]: Cleared server config, reverting to local config
[09Dec2025 20:41:27.885] [Test worker/INFO] [xyz.nineworlds.cratbat.CratBatConfig/]: Cleared server config, reverting to local config
[09Dec2025 20:41:27.887] [Test worker/INFO] [xyz.nineworlds.cratbat.CratBatConfig/]: Cleared server config, reverting to local config
[09Dec2025 20:41:27.888] [Test worker/INFO] [xyz.nineworlds.cratbat.CratBatConfig/]: Cleared server config, reverting to local config
[09Dec2025 20:41:27.889] [Test worker/INFO] [xyz.nineworlds.cratbat.CratBatConfig/]: Cleared server config, reverting to local config
[09Dec2025 20:41:27.889] [Test worker/INFO] [xyz.nineworlds.cratbat.CratBatConfig/]: Cleared server config, reverting to local config
[09Dec2025 20:41:27.890] [Test worker/INFO] [xyz.nineworlds.cratbat.CratBatConfig/]: Cleared server config, reverting to local config
[09Dec2025 20:41:27.890] [Test worker/INFO] [xyz.nineworlds.cratbat.CratBatConfig/]: Cleared server config, reverting to local config
